<?xml version="1.0" encoding="UTF-8"?>
<testsuite name="Cucumber" time="9.429" tests="1" skipped="0" failures="1" errors="0">
<testcase classname="Systemtest_Crusius_Login" name="SystemTest__Crusius__Login_Is_Successful_With_Valid_Credentials - Example #1.1" time="9.061">
<failure type="org.junit.ComparisonFailure" message="expected:&lt;The[ maximum number of attempts to login was reached; please contact your system administrator].&gt; but was:&lt;The[hgh].&gt;">
<![CDATA[org.junit.ComparisonFailure: expected:<The[ maximum number of attempts to login was reached; please contact your system administrator].> but was:<The[hgh].>
	at org.junit.Assert.assertEquals(Assert.java:117)
	at org.junit.Assert.assertEquals(Assert.java:146)
	at StepDefinitions.GoogleSearchSteps.the_login_is_successful(GoogleSearchSteps.java:66)
	at ✽.the login is fail(file:///Users/dibaihss/Documents/Cucumber/CucumberJava%202/CucumberJava/src/test/resources/Features/SystemTest_Crusius_Login.feature:10)
]]>
</failure>
<system-out><![CDATA[
Given open Google Chrome browser............................................passed
And navigate to the Sapiens IDIT Suite home page............................passed
When the user enters a valid aourjuba1......................................passed
And user enters a valid A4next..............................................passed
And the user clicks the button Login........................................passed
Then the login is fail......................................................failed
]]></system-out>
</testcase>
</testsuite>
